2025-11-13 19:31:06,363 - [INFO] - Starting utilities -> H3 pipeline
2025-11-13 19:31:06,364 - [INFO] - Attempting OSMnx extraction for utility features...
2025-11-13 19:31:06,364 - [WARNING] - OSMnx extraction failed: features_from_bbox() got multiple values for argument 'tags'
Traceback (most recent call last):
  File "c:\AIurban-planning\src\data_pipeline\energy_utility.py", line 121, in extract_utilities_from_osm
    gdf = ox.features_from_bbox(north, south, east, west, tags=tags)
          ^^^^^^^^^^^^^^^^^^^^^^^^^^^^^^^^^^^^^^^^^^^^^^^^^^^^^^^^^^
TypeError: features_from_bbox() got multiple values for argument 'tags'
2025-11-13 19:31:06,365 - [INFO] - OSMnx returned no data or failed - using fallback generator.
2025-11-13 19:31:06,375 - [INFO] - Generated fallback utilities: N=1500
2025-11-13 19:31:06,390 - [INFO] - Prepared point-level utilities: 1500 records
2025-11-13 19:31:06,452 - [INFO] - Created 1,500 records
2025-11-13 19:31:06,460 - [INFO] - Saved point-level outputs: C:\AIurban-planning\data\utilities\utilities_point_level_20251113T193106.geojson and C:\AIurban-planning\data\utilities\utilities_point_level_20251113T193106.csv
2025-11-13 19:31:06,461 - [INFO] - Assigning H3 indices to utility points...
2025-11-13 19:31:06,907 - [INFO] - Saved aggregated parquet: C:\AIurban-planning\data\utilities\utilities_h3_res8_20251113T193106.parquet
2025-11-13 19:31:06,933 - [INFO] - Created 1,007 records
2025-11-13 19:31:06,934 - [INFO] - Saved aggregated geojson: C:\AIurban-planning\data\utilities\utilities_h3_res8_20251113T193106.geojson
2025-11-13 19:31:06,935 - [INFO] - Saved metadata to C:\AIurban-planning\data\utilities\utilities_metadata_20251113T193106.json
2025-11-13 19:31:06,935 - [INFO] - Pipeline complete.
2025-11-13 19:32:02,254 - [INFO] - Starting utilities -> H3 pipeline
2025-11-13 19:32:02,255 - [INFO] - Attempting OSMnx extraction for utility features...
2025-11-13 19:32:02,255 - [WARNING] - OSMnx extraction failed: features_from_bbox() got multiple values for argument 'tags'
Traceback (most recent call last):
  File "c:\AIurban-planning\src\data_pipeline\energy_utility.py", line 121, in extract_utilities_from_osm
    gdf = ox.features_from_bbox(north, south, east, west, tags=tags)
          ^^^^^^^^^^^^^^^^^^^^^^^^^^^^^^^^^^^^^^^^^^^^^^^^^^^^^^^^^^
TypeError: features_from_bbox() got multiple values for argument 'tags'
2025-11-13 19:32:02,256 - [INFO] - OSMnx returned no data or failed - using fallback generator.
2025-11-13 19:32:02,266 - [INFO] - Generated fallback utilities: N=1500
2025-11-13 19:32:02,281 - [INFO] - Prepared point-level utilities: 1500 records
2025-11-13 19:32:02,338 - [INFO] - Created 1,500 records
2025-11-13 19:32:02,345 - [INFO] - Saved point-level outputs: C:\AIurban-planning\data\utilities\utilities_point_level_20251113T193202.geojson and C:\AIurban-planning\data\utilities\utilities_point_level_20251113T193202.csv
2025-11-13 19:32:02,346 - [INFO] - Assigning H3 indices to utility points...
2025-11-13 19:32:02,373 - [INFO] - Saved aggregated parquet: C:\AIurban-planning\data\utilities\utilities_h3_res8_20251113T193202.parquet
2025-11-13 19:32:02,408 - [INFO] - Created 1,007 records
2025-11-13 19:32:02,408 - [INFO] - Saved aggregated geojson: C:\AIurban-planning\data\utilities\utilities_h3_res8_20251113T193202.geojson
2025-11-13 19:32:02,409 - [INFO] - Saved metadata to C:\AIurban-planning\data\utilities\utilities_metadata_20251113T193202.json
2025-11-13 19:32:02,409 - [INFO] - Pipeline complete.
2025-11-13 19:38:47,004 - [INFO] - Starting utilities -> H3 pipeline
2025-11-13 19:38:47,005 - [INFO] - Attempting OSMnx extraction for utility features...
2025-11-13 19:38:47,005 - [WARNING] - OSMnx extraction failed: features_from_bbox() got multiple values for argument 'tags'
Traceback (most recent call last):
  File "c:\AIurban-planning\src\data_pipeline\energy_utility.py", line 121, in extract_utilities_from_osm
    gdf = ox.features_from_bbox(north, south, east, west, tags=tags)
          ^^^^^^^^^^^^^^^^^^^^^^^^^^^^^^^^^^^^^^^^^^^^^^^^^^^^^^^^^^
TypeError: features_from_bbox() got multiple values for argument 'tags'
2025-11-13 19:38:47,006 - [INFO] - OSMnx returned no data or failed - using fallback generator.
2025-11-13 19:38:47,016 - [INFO] - Generated fallback utilities: N=1500
2025-11-13 19:38:47,030 - [INFO] - Prepared point-level utilities: 1500 records
2025-11-13 19:38:47,086 - [INFO] - Created 1,500 records
2025-11-13 19:38:47,094 - [INFO] - Saved point-level outputs: C:\AIurban-planning\data\utilities\utilities_point_level_20251113T193847.geojson and C:\AIurban-planning\data\utilities\utilities_point_level_20251113T193847.csv
2025-11-13 19:38:47,095 - [INFO] - Assigning H3 indices to utility points...
2025-11-13 19:38:47,124 - [INFO] - Saved aggregated parquet: C:\AIurban-planning\data\utilities\utilities_h3_res8_20251113T193847.parquet
2025-11-13 19:38:47,157 - [INFO] - Created 1,007 records
2025-11-13 19:38:47,158 - [INFO] - Saved aggregated geojson: C:\AIurban-planning\data\utilities\utilities_h3_res8_20251113T193847.geojson
2025-11-13 19:38:47,159 - [INFO] - Saved metadata to C:\AIurban-planning\data\utilities\utilities_metadata_20251113T193847.json
2025-11-13 19:38:47,159 - [INFO] - Pipeline complete.
